#
# There is insufficient memory for the Java Runtime Environment to continue.
# Native memory allocation (malloc) failed to allocate 87031808 bytes for committing reserved memory.
# Possible reasons:
#   The system is out of physical RAM or swap space
#   In 32 bit mode, the process size limit was hit
# Possible solutions:
#   Reduce memory load on the system
#   Increase physical memory or swap space
#   Check if swap backing store is full
#   Use 64 bit Java on a 64 bit OS
#   Decrease Java heap size (-Xmx/-Xms)
#   Decrease number of Java threads
#   Decrease Java thread stack sizes (-Xss)
#   Set larger code cache with -XX:ReservedCodeCacheSize=
# This output file may be truncated or incomplete.
#
#  Out of Memory Error (os_linux.cpp:2798), pid=19084, tid=140085498865408
#
# JRE version:  (7.0_65-b32) (build )
# Java VM: OpenJDK 64-Bit Server VM (24.65-b04 mixed mode linux-amd64 compressed oops)
# Derivative: IcedTea 2.5.3
# Distribution: Ubuntu 14.04 LTS, package 7u71-2.5.3-0ubuntu0.14.04.1
# Failed to write core dump. Core dumps have been disabled. To enable core dumping, try "ulimit -c unlimited" before starting Java again
#

---------------  T H R E A D  ---------------

Current thread (0x00007f682c00a000):  JavaThread "Unknown thread" [_thread_in_vm, id=19249, stack(0x00007f683255e000,0x00007f683265f000)]

Stack: [0x00007f683255e000,0x00007f683265f000],  sp=0x00007f683265d500,  free space=1021k
Native frames: (J=compiled Java code, j=interpreted, Vv=VM code, C=native code)
V  [libjvm.so+0x948b05]  VMError::report_and_die()+0x175
V  [libjvm.so+0x48bc34]  report_vm_out_of_memory(char const*, int, unsigned long, char const*)+0x74
V  [libjvm.so+0x7c7bfb]  os::pd_commit_memory(char*, unsigned long, unsigned long, bool)+0xeb
V  [libjvm.so+0x7c26bf]  os::commit_memory(char*, unsigned long, unsigned long, bool)+0x1f
V  [libjvm.so+0x833e4b]  PSVirtualSpace::expand_by(unsigned long)+0x5b
V  [libjvm.so+0x8242be]  PSOldGen::initialize(ReservedSpace, unsigned long, char const*, int)+0xce
V  [libjvm.so+0x2a5b0f]  AdjoiningGenerations::AdjoiningGenerations(ReservedSpace, unsigned long, unsigned long, unsigned long, unsigned long, unsigned long, unsigned long, unsigned long)+0x3af
V  [libjvm.so+0x7e7690]  ParallelScavengeHeap::initialize()+0x5b0
V  [libjvm.so+0x91a6f7]  Universe::initialize_heap()+0xc7
V  [libjvm.so+0x91aa27]  universe_init()+0x67
V  [libjvm.so+0x59d255]  init_globals()+0x55
V  [libjvm.so+0x8fd3bf]  Threads::create_vm(JavaVMInitArgs*, bool*)+0x35f
V  [libjvm.so+0x6085d4]  JNI_CreateJavaVM+0x54
C  [libjli.so+0x2b48]


---------------  P R O C E S S  ---------------

Java Threads: ( => current thread )

Other Threads:

=>0x00007f682c00a000 (exited) JavaThread "Unknown thread" [_thread_in_vm, id=19249, stack(0x00007f683255e000,0x00007f683265f000)]

VM state:not at safepoint (not fully initialized)

VM Mutex/Monitor currently owned by a thread: None

GC Heap History (0 events):
No events

Deoptimization events (0 events):
No events

Internal exceptions (0 events):
No events

Events (0 events):
No events


Dynamic libraries:
00400000-00401000 r-xp 00000000 fc:00 266946                             /usr/lib/jvm/java-7-openjdk-amd64/jre/bin/java
00600000-00601000 r--p 00000000 fc:00 266946                             /usr/lib/jvm/java-7-openjdk-amd64/jre/bin/java
00601000-00602000 rw-p 00001000 fc:00 266946                             /usr/lib/jvm/java-7-openjdk-amd64/jre/bin/java
00c85000-00ca6000 rw-p 00000000 00:00 0                                  [heap]
778c00000-783200000 rw-p 00000000 00:00 0 
788500000-7d6600000 rw-p 00000000 00:00 0 
7d6600000-7d9000000 rw-p 00000000 00:00 0 
7d9000000-800000000 rw-p 00000000 00:00 0 
7f6827b07000-7f6827d41000 rw-p 00000000 00:00 0 
7f6827d41000-7f682802e000 rw-p 00000000 00:00 0 
7f682802e000-7f6828043000 rw-p 00000000 00:00 0 
7f6828043000-7f682817b000 rw-p 00000000 00:00 0 
7f682817b000-7f682817c000 rw-p 00000000 00:00 0 
7f682817c000-7f68283ec000 rwxp 00000000 00:00 0 
7f68283ec000-7f682b17c000 rw-p 00000000 00:00 0 
7f682b17c000-7f682b184000 r-xp 00000000 fc:00 1459265                    /usr/lib/jvm/java-7-openjdk-amd64/jre/lib/amd64/libzip.so
7f682b184000-7f682b383000 ---p 00008000 fc:00 1459265                    /usr/lib/jvm/java-7-openjdk-amd64/jre/lib/amd64/libzip.so
7f682b383000-7f682b384000 r--p 00007000 fc:00 1459265                    /usr/lib/jvm/java-7-openjdk-amd64/jre/lib/amd64/libzip.so
7f682b384000-7f682b385000 rw-p 00008000 fc:00 1459265                    /usr/lib/jvm/java-7-openjdk-amd64/jre/lib/amd64/libzip.so
7f682b385000-7f682b390000 r-xp 00000000 fc:00 141467                     /lib/x86_64-linux-gnu/libnss_files-2.19.so
7f682b390000-7f682b58f000 ---p 0000b000 fc:00 141467                     /lib/x86_64-linux-gnu/libnss_files-2.19.so
7f682b58f000-7f682b590000 r--p 0000a000 fc:00 141467                     /lib/x86_64-linux-gnu/libnss_files-2.19.so
7f682b590000-7f682b591000 rw-p 0000b000 fc:00 141467                     /lib/x86_64-linux-gnu/libnss_files-2.19.so
7f682b591000-7f682b59c000 r-xp 00000000 fc:00 141464                     /lib/x86_64-linux-gnu/libnss_nis-2.19.so
7f682b59c000-7f682b79b000 ---p 0000b000 fc:00 141464                     /lib/x86_64-linux-gnu/libnss_nis-2.19.so
7f682b79b000-7f682b79c000 r--p 0000a000 fc:00 141464                     /lib/x86_64-linux-gnu/libnss_nis-2.19.so
7f682b79c000-7f682b79d000 rw-p 0000b000 fc:00 141464                     /lib/x86_64-linux-gnu/libnss_nis-2.19.so
7f682b79d000-7f682b7b4000 r-xp 00000000 fc:00 141458                     /lib/x86_64-linux-gnu/libnsl-2.19.so
7f682b7b4000-7f682b9b3000 ---p 00017000 fc:00 141458                     /lib/x86_64-linux-gnu/libnsl-2.19.so
7f682b9b3000-7f682b9b4000 r--p 00016000 fc:00 141458                     /lib/x86_64-linux-gnu/libnsl-2.19.so
7f682b9b4000-7f682b9b5000 rw-p 00017000 fc:00 141458                     /lib/x86_64-linux-gnu/libnsl-2.19.so
7f682b9b5000-7f682b9b7000 rw-p 00000000 00:00 0 
7f682b9b7000-7f682b9c0000 r-xp 00000000 fc:00 141455                     /lib/x86_64-linux-gnu/libnss_compat-2.19.so
7f682b9c0000-7f682bbbf000 ---p 00009000 fc:00 141455                     /lib/x86_64-linux-gnu/libnss_compat-2.19.so
7f682bbbf000-7f682bbc0000 r--p 00008000 fc:00 141455                     /lib/x86_64-linux-gnu/libnss_compat-2.19.so
7f682bbc0000-7f682bbc1000 rw-p 00009000 fc:00 141455                     /lib/x86_64-linux-gnu/libnss_compat-2.19.so
7f682bbc1000-7f682bbec000 r-xp 00000000 fc:00 1459278                    /usr/lib/jvm/java-7-openjdk-amd64/jre/lib/amd64/libjava.so
7f682bbec000-7f682bdeb000 ---p 0002b000 fc:00 1459278                    /usr/lib/jvm/java-7-openjdk-amd64/jre/lib/amd64/libjava.so
7f682bdeb000-7f682bdec000 r--p 0002a000 fc:00 1459278                    /usr/lib/jvm/java-7-openjdk-amd64/jre/lib/amd64/libjava.so
7f682bdec000-7f682bdee000 rw-p 0002b000 fc:00 1459278                    /usr/lib/jvm/java-7-openjdk-amd64/jre/lib/amd64/libjava.so
7f682bdee000-7f682bdfe000 r-xp 00000000 fc:00 1459308                    /usr/lib/jvm/java-7-openjdk-amd64/jre/lib/amd64/libverify.so
7f682bdfe000-7f682bffd000 ---p 00010000 fc:00 1459308                    /usr/lib/jvm/java-7-openjdk-amd64/jre/lib/amd64/libverify.so
7f682bffd000-7f682bfff000 r--p 0000f000 fc:00 1459308                    /usr/lib/jvm/java-7-openjdk-amd64/jre/lib/amd64/libverify.so
7f682bfff000-7f682c000000 rw-p 00011000 fc:00 1459308                    /usr/lib/jvm/java-7-openjdk-amd64/jre/lib/amd64/libverify.so
7f682c000000-7f682c023000 rw-p 00000000 00:00 0 
7f682c023000-7f6830000000 ---p 00000000 00:00 0 
7f6830023000-7f683002a000 r-xp 00000000 fc:00 141450                     /lib/x86_64-linux-gnu/librt-2.19.so
7f683002a000-7f6830229000 ---p 00007000 fc:00 141450                     /lib/x86_64-linux-gnu/librt-2.19.so
7f6830229000-7f683022a000 r--p 00006000 fc:00 141450                     /lib/x86_64-linux-gnu/librt-2.19.so
7f683022a000-7f683022b000 rw-p 00007000 fc:00 141450                     /lib/x86_64-linux-gnu/librt-2.19.so
7f683022b000-7f6830241000 r-xp 00000000 fc:00 131357                     /lib/x86_64-linux-gnu/libgcc_s.so.1
7f6830241000-7f6830440000 ---p 00016000 fc:00 131357                     /lib/x86_64-linux-gnu/libgcc_s.so.1
7f6830440000-7f6830441000 rw-p 00015000 fc:00 131357                     /lib/x86_64-linux-gnu/libgcc_s.so.1
7f6830441000-7f6830546000 r-xp 00000000 fc:00 141457                     /lib/x86_64-linux-gnu/libm-2.19.so
7f6830546000-7f6830745000 ---p 00105000 fc:00 141457                     /lib/x86_64-linux-gnu/libm-2.19.so
7f6830745000-7f6830746000 r--p 00104000 fc:00 141457                     /lib/x86_64-linux-gnu/libm-2.19.so
7f6830746000-7f6830747000 rw-p 00105000 fc:00 141457                     /lib/x86_64-linux-gnu/libm-2.19.so
7f6830747000-7f683082d000 r-xp 00000000 fc:00 140970                     /usr/lib/x86_64-linux-gnu/libstdc++.so.6.0.19
7f683082d000-7f6830a2c000 ---p 000e6000 fc:00 140970                     /usr/lib/x86_64-linux-gnu/libstdc++.so.6.0.19
7f6830a2c000-7f6830a34000 r--p 000e5000 fc:00 140970                     /usr/lib/x86_64-linux-gnu/libstdc++.so.6.0.19
7f6830a34000-7f6830a36000 rw-p 000ed000 fc:00 140970                     /usr/lib/x86_64-linux-gnu/libstdc++.so.6.0.19
7f6830a36000-7f6830a4b000 rw-p 00000000 00:00 0 
7f6830a4b000-7f6831561000 r-xp 00000000 fc:00 1459321                    /usr/lib/jvm/java-7-openjdk-amd64/jre/lib/amd64/server/libjvm.so
7f6831561000-7f6831760000 ---p 00b16000 fc:00 1459321                    /usr/lib/jvm/java-7-openjdk-amd64/jre/lib/amd64/server/libjvm.so
7f6831760000-7f68317fa000 r--p 00b15000 fc:00 1459321                    /usr/lib/jvm/java-7-openjdk-amd64/jre/lib/amd64/server/libjvm.so
7f68317fa000-7f683181d000 rw-p 00baf000 fc:00 1459321                    /usr/lib/jvm/java-7-openjdk-amd64/jre/lib/amd64/server/libjvm.so
7f683181d000-7f683184b000 rw-p 00000000 00:00 0 
7f683184b000-7f6831863000 r-xp 00000000 fc:00 194571                     /lib/x86_64-linux-gnu/libz.so.1.2.8
7f6831863000-7f6831a62000 ---p 00018000 fc:00 194571                     /lib/x86_64-linux-gnu/libz.so.1.2.8
7f6831a62000-7f6831a63000 r--p 00017000 fc:00 194571                     /lib/x86_64-linux-gnu/libz.so.1.2.8
7f6831a63000-7f6831a64000 rw-p 00018000 fc:00 194571                     /lib/x86_64-linux-gnu/libz.so.1.2.8
7f6831a64000-7f6831a7d000 r-xp 00000000 fc:00 141466                     /lib/x86_64-linux-gnu/libpthread-2.19.so
7f6831a7d000-7f6831c7c000 ---p 00019000 fc:00 141466                     /lib/x86_64-linux-gnu/libpthread-2.19.so
7f6831c7c000-7f6831c7d000 r--p 00018000 fc:00 141466                     /lib/x86_64-linux-gnu/libpthread-2.19.so
7f6831c7d000-7f6831c7e000 rw-p 00019000 fc:00 141466                     /lib/x86_64-linux-gnu/libpthread-2.19.so
7f6831c7e000-7f6831c82000 rw-p 00000000 00:00 0 
7f6831c82000-7f6831c85000 r-xp 00000000 fc:00 141453                     /lib/x86_64-linux-gnu/libdl-2.19.so
7f6831c85000-7f6831e84000 ---p 00003000 fc:00 141453                     /lib/x86_64-linux-gnu/libdl-2.19.so
7f6831e84000-7f6831e85000 r--p 00002000 fc:00 141453                     /lib/x86_64-linux-gnu/libdl-2.19.so
7f6831e85000-7f6831e86000 rw-p 00003000 fc:00 141453                     /lib/x86_64-linux-gnu/libdl-2.19.so
7f6831e86000-7f6832041000 r-xp 00000000 fc:00 141449                     /lib/x86_64-linux-gnu/libc-2.19.so
7f6832041000-7f6832241000 ---p 001bb000 fc:00 141449                     /lib/x86_64-linux-gnu/libc-2.19.so
7f6832241000-7f6832245000 r--p 001bb000 fc:00 141449                     /lib/x86_64-linux-gnu/libc-2.19.so
7f6832245000-7f6832247000 rw-p 001bf000 fc:00 141449                     /lib/x86_64-linux-gnu/libc-2.19.so
7f6832247000-7f683224c000 rw-p 00000000 00:00 0 
7f683224c000-7f6832259000 r-xp 00000000 fc:00 1459275                    /usr/lib/jvm/java-7-openjdk-amd64/jre/lib/amd64/jli/libjli.so
7f6832259000-7f6832458000 ---p 0000d000 fc:00 1459275                    /usr/lib/jvm/java-7-openjdk-amd64/jre/lib/amd64/jli/libjli.so
7f6832458000-7f6832459000 r--p 0000c000 fc:00 1459275                    /usr/lib/jvm/java-7-openjdk-amd64/jre/lib/amd64/jli/libjli.so
7f6832459000-7f683245a000 rw-p 0000d000 fc:00 1459275                    /usr/lib/jvm/java-7-openjdk-amd64/jre/lib/amd64/jli/libjli.so
7f683245a000-7f683247d000 r-xp 00000000 fc:00 141447                     /lib/x86_64-linux-gnu/ld-2.19.so
7f683249e000-7f68324a8000 rw-p 00000000 00:00 0 
7f68324a8000-7f683255e000 rw-p 00000000 00:00 0 
7f683255e000-7f6832561000 ---p 00000000 00:00 0 
7f6832561000-7f6832664000 rw-p 00000000 00:00 0                          [stack:19249]
7f683266e000-7f6832670000 rw-p 00000000 00:00 0 
7f6832670000-7f6832678000 rw-s 00000000 fc:00 11560                      /tmp/hsperfdata_cloud/19084
7f6832678000-7f6832679000 rw-p 00000000 00:00 0 
7f6832679000-7f683267a000 r--p 00000000 00:00 0 
7f683267a000-7f683267c000 rw-p 00000000 00:00 0 
7f683267c000-7f683267d000 r--p 00022000 fc:00 141447                     /lib/x86_64-linux-gnu/ld-2.19.so
7f683267d000-7f683267e000 rw-p 00023000 fc:00 141447                     /lib/x86_64-linux-gnu/ld-2.19.so
7f683267e000-7f683267f000 rw-p 00000000 00:00 0 
7fffbff27000-7fffbff48000 rw-p 00000000 00:00 0                          [stack]
7fffbfffe000-7fffc0000000 r-xp 00000000 00:00 0                          [vdso]
ffffffffff600000-ffffffffff601000 r-xp 00000000 00:00 0                  [vsyscall]

VM Arguments:
java_command: nl.sara.hadoop.GetUserLang
Launcher Type: SUN_STANDARD

Environment Variables:
JAVA_HOME=/usr/lib/jvm/java-1.7.0-openjdk-1.7.0.55.x86_64/
PATH=/home/cloud/software/hathi-client/hadoop-2.6.0/bin:/home/cloud/software/hathi-client/pig-0.14.0/bin:/usr/bin:/bin
SHELL=/bin/sh

Signal Handlers:
SIGSEGV: [libjvm.so+0x9495e0], sa_mask[0]=0x7ffbfeff, sa_flags=0x10000004
SIGBUS: [libjvm.so+0x9495e0], sa_mask[0]=0x7ffbfeff, sa_flags=0x10000004
SIGFPE: [libjvm.so+0x7c3410], sa_mask[0]=0x7ffbfeff, sa_flags=0x10000004
SIGPIPE: [libjvm.so+0x7c3410], sa_mask[0]=0x7ffbfeff, sa_flags=0x10000004
SIGXFSZ: [libjvm.so+0x7c3410], sa_mask[0]=0x7ffbfeff, sa_flags=0x10000004
SIGILL: [libjvm.so+0x7c3410], sa_mask[0]=0x7ffbfeff, sa_flags=0x10000004
SIGUSR1: SIG_DFL, sa_mask[0]=0x00000000, sa_flags=0x00000000
SIGUSR2: [libjvm.so+0x7c32b0], sa_mask[0]=0x00000000, sa_flags=0x10000004
SIGHUP: SIG_DFL, sa_mask[0]=0x00000000, sa_flags=0x00000000
SIGINT: SIG_DFL, sa_mask[0]=0x00000000, sa_flags=0x00000000
SIGTERM: SIG_DFL, sa_mask[0]=0x00000000, sa_flags=0x00000000
SIGQUIT: SIG_DFL, sa_mask[0]=0x00000000, sa_flags=0x00000000
SIGTRAP: SIG_DFL, sa_mask[0]=0x00000000, sa_flags=0x00000000


---------------  S Y S T E M  ---------------

OS:Ubuntu 14.04 (trusty)
uname:Linux 3.13.0-43-generic #72-Ubuntu SMP Mon Dec 8 19:35:06 UTC 2014 x86_64
libc:glibc 2.19 NPTL 2.19 
rlimit: STACK 8192k, CORE 0k, NPROC 63706, NOFILE 4096, AS infinity
load average:266.78 241.77 141.45

/proc/meminfo:
MemTotal:        8176808 kB
MemFree:          148632 kB
Buffers:            1500 kB
Cached:          3861184 kB
SwapCached:         8300 kB
Active:          6517188 kB
Inactive:        1257668 kB
Active(anon):    6512440 kB
Inactive(anon):  1231000 kB
Active(file):       4748 kB
Inactive(file):    26668 kB
Unevictable:           0 kB
Mlocked:               0 kB
SwapTotal:        525164 kB
SwapFree:              0 kB
Dirty:               724 kB
Writeback:            48 kB
AnonPages:       3904424 kB
Mapped:             9640 kB
Shmem:           3830748 kB
Slab:              88604 kB
SReclaimable:      33752 kB
SUnreclaim:        54852 kB
KernelStack:       14648 kB
PageTables:        66912 kB
NFS_Unstable:          0 kB
Bounce:                0 kB
WritebackTmp:          0 kB
CommitLimit:     4613568 kB
Committed_AS:   24196964 kB
VmallocTotal:   34359738367 kB
VmallocUsed:       20048 kB
VmallocChunk:   34359707216 kB
HardwareCorrupted:     0 kB
AnonHugePages:   1382400 kB
HugePages_Total:       0
HugePages_Free:        0
HugePages_Rsvd:        0
HugePages_Surp:        0
Hugepagesize:       2048 kB
DirectMap4k:       86004 kB
DirectMap2M:     8302592 kB


CPU:total 4 (1 cores per cpu, 1 threads per core) family 6 model 13 stepping 3, cmov, cx8, fxsr, mmx, sse, sse2, sse3, lzcnt, tsc

/proc/cpuinfo:
processor	: 0
vendor_id	: AuthenticAMD
cpu family	: 6
model		: 13
model name	: QEMU Virtual CPU version (cpu64-rhel6)
stepping	: 3
microcode	: 0x1000065
cpu MHz		: 2599.996
cache size	: 512 KB
physical id	: 0
siblings	: 1
core id		: 0
cpu cores	: 1
apicid		: 0
initial apicid	: 0
fpu		: yes
fpu_exception	: yes
cpuid level	: 4
wp		: yes
flags		: fpu de pse tsc msr pae mce cx8 apic sep mtrr pge mca cmov pat pse36 clflush mmx fxsr sse sse2 syscall nx lm nopl pni cx16 hypervisor lahf_lm abm sse4a
bogomips	: 5199.99
TLB size	: 1024 4K pages
clflush size	: 64
cache_alignment	: 64
address sizes	: 48 bits physical, 48 bits virtual
power management:

processor	: 1
vendor_id	: AuthenticAMD
cpu family	: 6
model		: 13
model name	: QEMU Virtual CPU version (cpu64-rhel6)
stepping	: 3
microcode	: 0x1000065
cpu MHz		: 2599.996
cache size	: 512 KB
physical id	: 1
siblings	: 1
core id		: 0
cpu cores	: 1
apicid		: 1
initial apicid	: 1
fpu		: yes
fpu_exception	: yes
cpuid level	: 4
wp		: yes
flags		: fpu de pse tsc msr pae mce cx8 apic sep mtrr pge mca cmov pat pse36 clflush mmx fxsr sse sse2 syscall nx lm nopl pni cx16 hypervisor lahf_lm abm sse4a
bogomips	: 5199.99
TLB size	: 1024 4K pages
clflush size	: 64
cache_alignment	: 64
address sizes	: 48 bits physical, 48 bits virtual
power management:

processor	: 2
vendor_id	: AuthenticAMD
cpu family	: 6
model		: 13
model name	: QEMU Virtual CPU version (cpu64-rhel6)
stepping	: 3
microcode	: 0x1000065
cpu MHz		: 2599.996
cache size	: 512 KB
physical id	: 2
siblings	: 1
core id		: 0
cpu cores	: 1
apicid		: 2
initial apicid	: 2
fpu		: yes
fpu_exception	: yes
cpuid level	: 4
wp		: yes
flags		: fpu de pse tsc msr pae mce cx8 apic sep mtrr pge mca cmov pat pse36 clflush mmx fxsr sse sse2 syscall nx lm nopl pni cx16 hypervisor lahf_lm abm sse4a
bogomips	: 5199.99
TLB size	: 1024 4K pages
clflush size	: 64
cache_alignment	: 64
address sizes	: 48 bits physical, 48 bits virtual
power management:

processor	: 3
vendor_id	: AuthenticAMD
cpu family	: 6
model		: 13
model name	: QEMU Virtual CPU version (cpu64-rhel6)
stepping	: 3
microcode	: 0x1000065
cpu MHz		: 2599.996
cache size	: 512 KB
physical id	: 3
siblings	: 1
core id		: 0
cpu cores	: 1
apicid		: 3
initial apicid	: 3
fpu		: yes
fpu_exception	: yes
cpuid level	: 4
wp		: yes
flags		: fpu de pse tsc msr pae mce cx8 apic sep mtrr pge mca cmov pat pse36 clflush mmx fxsr sse sse2 syscall nx lm nopl pni cx16 hypervisor lahf_lm abm sse4a
bogomips	: 5199.99
TLB size	: 1024 4K pages
clflush size	: 64
cache_alignment	: 64
address sizes	: 48 bits physical, 48 bits virtual
power management:



Memory: 4k page, physical 8176808k(148632k free), swap 525164k(0k free)

vm_info: OpenJDK 64-Bit Server VM (24.65-b04) for linux-amd64 JRE (1.7.0_65-b32), built on Oct 22 2014 04:37:44 by "buildd" with gcc 4.8.2

time: Mon Mar 16 14:03:04 2015
elapsed time: 37 seconds

