This file contains any messages produced by compilers while
running configure, to aid debugging if configure makes a mistake.

It was created by libtextcat configure 2.2, which was
generated by GNU Autoconf 2.57.  Invocation command line was

  $ ./configure 

## --------- ##
## Platform. ##
## --------- ##

hostname = ahv-id-25117
uname -m = x86_64
uname -r = 5.4.0-81-generic
uname -s = Linux
uname -v = #91-Ubuntu SMP Thu Jul 15 19:09:17 UTC 2021

/usr/bin/uname -p = x86_64
/bin/uname -X     = unknown

/bin/arch              = x86_64
/usr/bin/arch -k       = unknown
/usr/convex/getsysinfo = unknown
hostinfo               = unknown
/bin/machine           = unknown
/usr/bin/oslevel       = unknown
/bin/universe          = unknown

PATH: /home/erikt/.local/bin
PATH: /home/erikt/bin
PATH: /usr/local/sbin
PATH: /usr/local/bin
PATH: /usr/sbin
PATH: /usr/bin
PATH: /sbin
PATH: /bin
PATH: /usr/games
PATH: /usr/local/games
PATH: /snap/bin
PATH: /home/erikt/.local/bin
PATH: /home/erikt/xs4all/bin
PATH: /home/erikt/xs4all/www/bin


## ----------- ##
## Core tests. ##
## ----------- ##

configure:1479: checking build system type
configure:1497: result: x86_64-unknown-linux-gnu
configure:1505: checking host system type
configure:1519: result: x86_64-unknown-linux-gnu
configure:1527: checking target system type
configure:1541: result: x86_64-unknown-linux-gnu
configure:1568: checking for a BSD-compatible install
configure:1622: result: /usr/bin/install -c
configure:1633: checking whether build environment is sane
configure:1676: result: yes
configure:1701: WARNING: `missing' script is too old or missing
configure:1709: checking for gawk
configure:1725: found /usr/bin/gawk
configure:1735: result: gawk
configure:1745: checking whether make sets $(MAKE)
configure:1765: result: yes
configure:1978: checking for gcc
configure:1994: found /usr/bin/gcc
configure:2004: result: gcc
configure:2248: checking for C compiler version
configure:2251: gcc --version </dev/null >&5
gcc (Ubuntu 9.3.0-17ubuntu1~20.04) 9.3.0
Copyright (C) 2019 Free Software Foundation, Inc.
This is free software; see the source for copying conditions.  There is NO
warranty; not even for MERCHANTABILITY or FITNESS FOR A PARTICULAR PURPOSE.

configure:2254: $? = 0
configure:2256: gcc -v </dev/null >&5
Using built-in specs.
COLLECT_GCC=gcc
COLLECT_LTO_WRAPPER=/usr/lib/gcc/x86_64-linux-gnu/9/lto-wrapper
OFFLOAD_TARGET_NAMES=nvptx-none:hsa
OFFLOAD_TARGET_DEFAULT=1
Target: x86_64-linux-gnu
Configured with: ../src/configure -v --with-pkgversion='Ubuntu 9.3.0-17ubuntu1~20.04' --with-bugurl=file:///usr/share/doc/gcc-9/README.Bugs --enable-languages=c,ada,c++,go,brig,d,fortran,objc,obj-c++,gm2 --prefix=/usr --with-gcc-major-version-only --program-suffix=-9 --program-prefix=x86_64-linux-gnu- --enable-shared --enable-linker-build-id --libexecdir=/usr/lib --without-included-gettext --enable-threads=posix --libdir=/usr/lib --enable-nls --enable-clocale=gnu --enable-libstdcxx-debug --enable-libstdcxx-time=yes --with-default-libstdcxx-abi=new --enable-gnu-unique-object --disable-vtable-verify --enable-plugin --enable-default-pie --with-system-zlib --with-target-system-zlib=auto --enable-objc-gc=auto --enable-multiarch --disable-werror --with-arch-32=i686 --with-abi=m64 --with-multilib-list=m32,m64,mx32 --enable-multilib --with-tune=generic --enable-offload-targets=nvptx-none=/build/gcc-9-HskZEa/gcc-9-9.3.0/debian/tmp-nvptx/usr,hsa --without-cuda-driver --enable-checking=release --build=x86_64-linux-gnu --host=x86_64-linux-gnu --target=x86_64-linux-gnu
Thread model: posix
gcc version 9.3.0 (Ubuntu 9.3.0-17ubuntu1~20.04) 
configure:2259: $? = 0
configure:2261: gcc -V </dev/null >&5
gcc: error: unrecognized command line option '-V'
gcc: fatal error: no input files
compilation terminated.
configure:2264: $? = 1
configure:2288: checking for C compiler default output
configure:2291: gcc    conftest.c  >&5
configure:2294: $? = 0
configure:2340: result: a.out
configure:2345: checking whether the C compiler works
configure:2351: ./a.out
configure:2354: $? = 0
configure:2371: result: yes
configure:2378: checking whether we are cross compiling
configure:2380: result: no
configure:2383: checking for suffix of executables
configure:2385: gcc -o conftest    conftest.c  >&5
configure:2388: $? = 0
configure:2413: result: 
configure:2419: checking for suffix of object files
configure:2441: gcc -c   conftest.c >&5
configure:2444: $? = 0
configure:2466: result: o
configure:2470: checking whether we are using the GNU C compiler
configure:2495: gcc -c   conftest.c >&5
configure:2498: $? = 0
configure:2501: test -s conftest.o
configure:2504: $? = 0
configure:2517: result: yes
configure:2523: checking whether gcc accepts -g
configure:2545: gcc -c -g  conftest.c >&5
configure:2548: $? = 0
configure:2551: test -s conftest.o
configure:2554: $? = 0
configure:2565: result: yes
configure:2582: checking for gcc option to accept ANSI C
configure:2643: gcc  -c -g -O2  conftest.c >&5
configure:2646: $? = 0
configure:2649: test -s conftest.o
configure:2652: $? = 0
configure:2670: result: none needed
configure:2688: gcc -c -g -O2  conftest.c >&5
conftest.c:2:3: error: unknown type name 'choke'
    2 |   choke me
      |   ^~~~~
conftest.c:2:3: error: expected '=', ',', ';', 'asm' or '__attribute__' at end of input
configure:2691: $? = 1
configure: failed program was:
| #ifndef __cplusplus
|   choke me
| #endif
configure:2810: checking for style of include used by make
configure:2838: result: GNU
configure:2866: checking dependency style of gcc
configure:2934: result: gcc3
configure:2963: checking for a BSD-compatible install
configure:3017: result: /usr/bin/install -c
configure:3028: checking whether ln -s works
configure:3032: result: yes
configure:3127: checking for ld used by GCC
configure:3190: result: /usr/bin/ld
configure:3199: checking if the linker (/usr/bin/ld) is GNU ld
GNU ld (GNU Binutils for Ubuntu) 2.34
configure:3211: result: yes
configure:3216: checking for /usr/bin/ld option to reload object files
configure:3223: result: -r
configure:3228: checking for BSD-compatible nm
configure:3264: result: /usr/bin/nm -B
configure:3267: checking for a sed that does not truncate output
configure:3349: result: /usr/bin/sed
configure:3352: checking how to recognise dependent libraries
configure:3533: result: file_magic ELF [0-9][0-9]*-bit [LM]SB (shared object|dynamic lib )
configure:3546: checking command to parse /usr/bin/nm -B output
configure:3630: gcc -c -g -O2  conftest.c >&5
configure:3633: $? = 0
configure:3637: /usr/bin/nm -B conftest.o \| sed -n -e 's/^.*[ 	]\([ABCDGISTW][ABCDGISTW]*\)[ 	][ 	]*\(\)\([_A-Za-z][_A-Za-z0-9]*\)$/\1 \2\3 \3/p' \> conftest.nm
configure:3640: $? = 0
configure:3692: gcc -o conftest -g -O2   conftest.c conftstm.o >&5
configure:3695: $? = 0
configure:3739: result: ok
configure:3748: checking how to run the C preprocessor
configure:3784: gcc -E  conftest.c
configure:3790: $? = 0
configure:3822: gcc -E  conftest.c
configure:3823:10: fatal error: ac_nonexistent.h: No such file or directory
 3823 | _ACEOF
      |          ^                 
compilation terminated.
configure:3828: $? = 1
configure: failed program was:
| #line 3813 "configure"
| /* confdefs.h.  */
| 
| #define PACKAGE_NAME "libtextcat"
| #define PACKAGE_TARNAME "libtextcat"
| #define PACKAGE_VERSION "2.2"
| #define PACKAGE_STRING "libtextcat 2.2"
| #define PACKAGE_BUGREPORT ""
| #define PACKAGE "libtextcat"
| #define VERSION "2.2"
| /* end confdefs.h.  */
| #include <ac_nonexistent.h>
configure:3866: result: gcc -E
configure:3891: gcc -E  conftest.c
configure:3897: $? = 0
configure:3929: gcc -E  conftest.c
configure:3930:10: fatal error: ac_nonexistent.h: No such file or directory
 3930 | _ACEOF
      |          ^                 
compilation terminated.
configure:3935: $? = 1
configure: failed program was:
| #line 3920 "configure"
| /* confdefs.h.  */
| 
| #define PACKAGE_NAME "libtextcat"
| #define PACKAGE_TARNAME "libtextcat"
| #define PACKAGE_VERSION "2.2"
| #define PACKAGE_STRING "libtextcat 2.2"
| #define PACKAGE_BUGREPORT ""
| #define PACKAGE "libtextcat"
| #define VERSION "2.2"
| /* end confdefs.h.  */
| #include <ac_nonexistent.h>
configure:3978: checking for egrep
configure:3988: result: grep -E
configure:3993: checking for ANSI C header files
configure:4019: gcc -c -g -O2  conftest.c >&5
configure:4022: $? = 0
configure:4025: test -s conftest.o
configure:4028: $? = 0
configure:4120: gcc -o conftest -g -O2   conftest.c  >&5
configure: In function 'main':
configure:4115:7: warning: implicit declaration of function 'exit' [-Wimplicit-function-declaration]
 4115 |     if (XOR (islower (i), ISLOWER (i))
      |       ^~~~
configure:4115:7: warning: incompatible implicit declaration of built-in function 'exit'
configure:4099:1: note: include '<stdlib.h>' or provide a declaration of 'exit'
 4098 | #if ((' ' & 0x0FF) == 0x020)
  +++ |+#include <stdlib.h>
 4099 | # define ISLOWER(c) ('a' <= (c) && (c) <= 'z')
configure:4116:3: warning: incompatible implicit declaration of built-in function 'exit'
 4116 |         || toupper (i) != TOUPPER (i))
      |   ^   
configure:4116:3: note: include '<stdlib.h>' or provide a declaration of 'exit'
configure:4123: $? = 0
configure:4125: ./conftest
configure:4128: $? = 0
configure:4143: result: yes
configure:4167: checking for sys/types.h
configure:4184: gcc -c -g -O2  conftest.c >&5
configure:4187: $? = 0
configure:4190: test -s conftest.o
configure:4193: $? = 0
configure:4204: result: yes
configure:4167: checking for sys/stat.h
configure:4184: gcc -c -g -O2  conftest.c >&5
configure:4187: $? = 0
configure:4190: test -s conftest.o
configure:4193: $? = 0
configure:4204: result: yes
configure:4167: checking for stdlib.h
configure:4184: gcc -c -g -O2  conftest.c >&5
configure:4187: $? = 0
configure:4190: test -s conftest.o
configure:4193: $? = 0
configure:4204: result: yes
configure:4167: checking for string.h
configure:4184: gcc -c -g -O2  conftest.c >&5
configure:4187: $? = 0
configure:4190: test -s conftest.o
configure:4193: $? = 0
configure:4204: result: yes
configure:4167: checking for memory.h
configure:4184: gcc -c -g -O2  conftest.c >&5
configure:4187: $? = 0
configure:4190: test -s conftest.o
configure:4193: $? = 0
configure:4204: result: yes
configure:4167: checking for strings.h
configure:4184: gcc -c -g -O2  conftest.c >&5
configure:4187: $? = 0
configure:4190: test -s conftest.o
configure:4193: $? = 0
configure:4204: result: yes
configure:4167: checking for inttypes.h
configure:4184: gcc -c -g -O2  conftest.c >&5
configure:4187: $? = 0
configure:4190: test -s conftest.o
configure:4193: $? = 0
configure:4204: result: yes
configure:4167: checking for stdint.h
configure:4184: gcc -c -g -O2  conftest.c >&5
configure:4187: $? = 0
configure:4190: test -s conftest.o
configure:4193: $? = 0
configure:4204: result: yes
configure:4167: checking for unistd.h
configure:4184: gcc -c -g -O2  conftest.c >&5
configure:4187: $? = 0
configure:4190: test -s conftest.o
configure:4193: $? = 0
configure:4204: result: yes
configure:4230: checking dlfcn.h usability
configure:4243: gcc -c -g -O2  conftest.c >&5
configure:4246: $? = 0
configure:4249: test -s conftest.o
configure:4252: $? = 0
configure:4262: result: yes
configure:4266: checking dlfcn.h presence
configure:4277: gcc -E  conftest.c
configure:4283: $? = 0
configure:4302: result: yes
configure:4338: checking for dlfcn.h
configure:4345: result: yes
configure:4367: checking for file
configure:4422: result: /usr/bin/file
configure:4543: checking for ranlib
configure:4559: found /usr/bin/ranlib
configure:4570: result: ranlib
configure:4623: checking for strip
configure:4639: found /usr/bin/strip
configure:4650: result: strip
configure:4860: checking for objdir
configure:4871: result: .libs
configure:4888: checking for gcc option to produce PIC
configure:5034: result: -fPIC
configure:5038: checking if gcc PIC flag -fPIC works
configure:5062: gcc -c -g -O2 -fPIC -DPIC  conftest.c >&5
configure:5065: $? = 0
configure:5068: test -s conftest.o
configure:5071: $? = 0
configure:5109: result: yes
configure:5125: checking if gcc static flag -static works
configure:5150: gcc -o conftest -g -O2   -static conftest.c  >&5
configure:5153: $? = 0
configure:5156: test -s conftest
configure:5159: $? = 0
configure:5175: result: yes
configure:5187: checking if gcc supports -c -o file.o
configure:5209: gcc -c -g -O2 -o out/conftest2.o  conftest.c >&5
configure:5231: result: yes
configure:5236: checking if gcc supports -c -o file.lo
configure:5264: gcc -c -g -O2 -c -o conftest.lo  conftest.c >&5
configure:5267: $? = 0
configure:5270: test -s conftest.lo
configure:5273: $? = 0
configure:5295: result: yes
configure:5326: checking if gcc supports -fno-rtti -fno-exceptions
configure:5349: gcc -c -g -O2 -fno-rtti -fno-exceptions -c conftest.c  conftest.c >&5
cc1: warning: command line option '-fno-rtti' is valid for C++/D/ObjC++ but not for C
cc1: warning: command line option '-fno-rtti' is valid for C++/D/ObjC++ but not for C
configure:5352: $? = 0
configure:5355: test -s conftest.o
configure:5358: $? = 0
configure:5375: result: yes
configure:5386: checking whether the linker (/usr/bin/ld) supports shared libraries
configure:6081: result: yes
configure:6086: checking how to hardcode library paths into programs
configure:6110: result: immediate
configure:6115: checking whether stripping libraries is possible
configure:6120: result: yes
configure:6131: checking dynamic linker characteristics
configure:6538: result: GNU/Linux ld.so
configure:6543: checking if libtool supports shared libraries
configure:6545: result: yes
configure:6548: checking whether to build shared libraries
configure:6569: result: yes
configure:6572: checking whether to build static libraries
configure:6576: result: yes
configure:7250: checking whether -lc should be explicitly linked in
configure:7258: gcc -c -g -O2  conftest.c >&5
configure:7261: $? = 0
configure:7275: gcc -shared conftest.o  -v -Wl,-soname -Wl,conftest -o conftest 2\>\&1 \| grep  -lc  \>/dev/null 2\>\&1
configure:7278: $? = 0
configure:7291: result: no
configure:7867: checking for working alloca.h
configure:7889: gcc -o conftest -g -O2   conftest.c  >&5
configure:7892: $? = 0
configure:7895: test -s conftest
configure:7898: $? = 0
configure:7909: result: yes
configure:7919: checking for alloca
configure:7961: gcc -o conftest -g -O2   conftest.c  >&5
configure:7964: $? = 0
configure:7967: test -s conftest
configure:7970: $? = 0
configure:7981: result: yes
configure:8188: checking for ANSI C header files
configure:8338: result: yes
configure:8357: checking for inttypes.h
configure:8362: result: yes
configure:8366: checking limits.h usability
configure:8379: gcc -c -g -O2  conftest.c >&5
configure:8382: $? = 0
configure:8385: test -s conftest.o
configure:8388: $? = 0
configure:8398: result: yes
configure:8402: checking limits.h presence
configure:8413: gcc -E  conftest.c
configure:8419: $? = 0
configure:8438: result: yes
configure:8474: checking for limits.h
configure:8481: result: yes
configure:8357: checking for stdlib.h
configure:8362: result: yes
configure:8357: checking for string.h
configure:8362: result: yes
configure:8366: checking sys/time.h usability
configure:8379: gcc -c -g -O2  conftest.c >&5
configure:8382: $? = 0
configure:8385: test -s conftest.o
configure:8388: $? = 0
configure:8398: result: yes
configure:8402: checking sys/time.h presence
configure:8413: gcc -E  conftest.c
configure:8419: $? = 0
configure:8438: result: yes
configure:8474: checking for sys/time.h
configure:8481: result: yes
configure:8495: checking for an ANSI C-conforming const
configure:8563: gcc -c -g -O2  conftest.c >&5
configure:8566: $? = 0
configure:8569: test -s conftest.o
configure:8572: $? = 0
configure:8583: result: yes
configure:8593: checking for inline
configure:8615: gcc -c -g -O2  conftest.c >&5
configure:8618: $? = 0
configure:8621: test -s conftest.o
configure:8624: $? = 0
configure:8636: result: inline
configure:8651: checking for size_t
configure:8676: gcc -c -g -O2  conftest.c >&5
configure:8679: $? = 0
configure:8682: test -s conftest.o
configure:8685: $? = 0
configure:8696: result: yes
configure:8708: checking whether time.h and sys/time.h may both be included
configure:8734: gcc -c -g -O2  conftest.c >&5
configure:8737: $? = 0
configure:8740: test -s conftest.o
configure:8743: $? = 0
configure:8754: result: yes
configure:8764: checking whether struct tm is in sys/time.h or time.h
configure:8788: gcc -c -g -O2  conftest.c >&5
configure:8791: $? = 0
configure:8794: test -s conftest.o
configure:8797: $? = 0
configure:8808: result: time.h
configure:8824: checking for stdlib.h
configure:8829: result: yes
configure:8961: checking for GNU libc compatible malloc
configure:8991: gcc -o conftest -g -O2   conftest.c  >&5
configure:8994: $? = 0
configure:8996: ./conftest
configure:8999: $? = 0
configure:9013: result: yes
configure:9041: checking for stdlib.h
configure:9046: result: yes
configure:9178: checking for GNU libc compatible realloc
configure:9208: gcc -o conftest -g -O2   conftest.c  >&5
configure:9211: $? = 0
configure:9213: ./conftest
configure:9216: $? = 0
configure:9230: result: yes
configure:9257: checking for vprintf
configure:9307: gcc -o conftest -g -O2   conftest.c  >&5
configure:9312:6: warning: conflicting types for built-in function 'vprintf'; expected 'int(const char *, __va_list_tag *)' [-Wbuiltin-declaration-mismatch]
 9312 |   echo "$as_me:$LINENO: \$? = $ac_status" >&5
      |      ^~~~~~~
configure:9302:1: note: 'vprintf' is declared in header '<stdio.h>'
 9301 | main ()
  +++ |+#include <stdio.h>
 9302 | {
configure:9310: $? = 0
configure:9313: test -s conftest
configure:9316: $? = 0
configure:9327: result: yes
configure:9334: checking for _doprnt
configure:9384: gcc -o conftest -g -O2   conftest.c  >&5
/usr/bin/ld: /tmp/ccJKeCIi.o: in function `main':
/home/erikt/crawler/software/libtextcat-2.2/configure:9406: undefined reference to `_doprnt'
/usr/bin/ld: /tmp/ccJKeCIi.o:/home/erikt/crawler/software/libtextcat-2.2/configure:9397: undefined reference to `_doprnt'
collect2: error: ld returned 1 exit status
configure:9387: $? = 1
configure: failed program was:
| #line 9339 "configure"
| /* confdefs.h.  */
| 
| #define PACKAGE_NAME "libtextcat"
| #define PACKAGE_TARNAME "libtextcat"
| #define PACKAGE_VERSION "2.2"
| #define PACKAGE_STRING "libtextcat 2.2"
| #define PACKAGE_BUGREPORT ""
| #define PACKAGE "libtextcat"
| #define VERSION "2.2"
| #define STDC_HEADERS 1
| #define HAVE_SYS_TYPES_H 1
| #define HAVE_SYS_STAT_H 1
| #define HAVE_STDLIB_H 1
| #define HAVE_STRING_H 1
| #define HAVE_MEMORY_H 1
| #define HAVE_STRINGS_H 1
| #define HAVE_INTTYPES_H 1
| #define HAVE_STDINT_H 1
| #define HAVE_UNISTD_H 1
| #define HAVE_DLFCN_H 1
| #define HAVE_ALLOCA_H 1
| #define HAVE_ALLOCA 1
| #define STDC_HEADERS 1
| #define HAVE_INTTYPES_H 1
| #define HAVE_LIMITS_H 1
| #define HAVE_STDLIB_H 1
| #define HAVE_STRING_H 1
| #define HAVE_SYS_TIME_H 1
| #define TIME_WITH_SYS_TIME 1
| #define HAVE_STDLIB_H 1
| #define HAVE_MALLOC 1
| #define HAVE_STDLIB_H 1
| #define HAVE_REALLOC 1
| #define HAVE_VPRINTF 1
| /* end confdefs.h.  */
| /* System header to define __stub macros and hopefully few prototypes,
|     which can conflict with char _doprnt (); below.
|     Prefer <limits.h> to <assert.h> if __STDC__ is defined, since
|     <limits.h> exists even on freestanding compilers.  */
| #ifdef __STDC__
| # include <limits.h>
| #else
| # include <assert.h>
| #endif
| /* Override any gcc2 internal prototype to avoid an error.  */
| #ifdef __cplusplus
| extern "C"
| {
| #endif
| /* We use char because int might match the return type of a gcc2
|    builtin and then its argument prototype would still apply.  */
| char _doprnt ();
| /* The GNU C library defines this for functions which it implements
|     to always fail with ENOSYS.  Some functions are actually named
|     something starting with __ and the normal name is an alias.  */
| #if defined (__stub__doprnt) || defined (__stub____doprnt)
| choke me
| #else
| char (*f) () = _doprnt;
| #endif
| #ifdef __cplusplus
| }
| #endif
| 
| int
| main ()
| {
| return f != _doprnt;
|   ;
|   return 0;
| }
configure:9404: result: no
configure:9426: checking for gettimeofday
configure:9476: gcc -o conftest -g -O2   conftest.c  >&5
configure:9479: $? = 0
configure:9482: test -s conftest
configure:9485: $? = 0
configure:9496: result: yes
configure:9426: checking for memset
configure:9476: gcc -o conftest -g -O2   conftest.c  >&5
configure:9483:6: warning: conflicting types for built-in function 'memset'; expected 'void *(void *, int,  long unsigned int)' [-Wbuiltin-declaration-mismatch]
 9483 |          { ac_try='test -s conftest$ac_exeext'
      |      ^   ~~
configure:9473:1: note: 'memset' is declared in header '<string.h>'
 9472 | return f != $ac_func;
  +++ |+#include <string.h>
 9473 |   ;
configure:9479: $? = 0
configure:9482: test -s conftest
configure:9485: $? = 0
configure:9496: result: yes
configure:9426: checking for strchr
configure:9476: gcc -o conftest -g -O2   conftest.c  >&5
configure:9484:6: warning: conflicting types for built-in function 'strchr'; expected 'char *(const char *, int)' [-Wbuiltin-declaration-mismatch]
 9484 |   { (eval echo "$as_me:$LINENO: \"$ac_try\"") >&5
      |      ^~~~~~
configure:9474:1: note: 'strchr' is declared in header '<string.h>'
 9473 |   ;
  +++ |+#include <string.h>
 9474 |   return 0;
configure:9479: $? = 0
configure:9482: test -s conftest
configure:9485: $? = 0
configure:9496: result: yes
configure:9426: checking for strdup
configure:9476: gcc -o conftest -g -O2   conftest.c  >&5
configure:9485:6: warning: conflicting types for built-in function 'strdup'; expected 'char *(const char *)' [-Wbuiltin-declaration-mismatch]
 9485 |   (eval $ac_try) 2>&5
      |      ^~~~~~
configure:9479: $? = 0
configure:9482: test -s conftest
configure:9485: $? = 0
configure:9496: result: yes
configure:9426: checking for strpbrk
configure:9476: gcc -o conftest -g -O2   conftest.c  >&5
configure:9486:6: warning: conflicting types for built-in function 'strpbrk'; expected 'char *(const char *, const char *)' [-Wbuiltin-declaration-mismatch]
 9486 |   ac_status=$?
      |      ^~~~~~~
configure:9476:1: note: 'strpbrk' is declared in header '<string.h>'
 9475 | }
  +++ |+#include <string.h>
 9476 | _ACEOF
configure:9479: $? = 0
configure:9482: test -s conftest
configure:9485: $? = 0
configure:9496: result: yes
configure:9618: creating ./config.status

## ---------------------- ##
## Running config.status. ##
## ---------------------- ##

This file was extended by libtextcat config.status 2.2, which was
generated by GNU Autoconf 2.57.  Invocation command line was

  CONFIG_FILES    = 
  CONFIG_HEADERS  = 
  CONFIG_LINKS    = 
  CONFIG_COMMANDS = 
  $ ./config.status 

on ahv-id-25117

config.status:657: creating Makefile
config.status:657: creating src/Makefile
config.status:761: creating src/config.h
config.status:906: src/config.h is unchanged
config.status:1028: executing depfiles commands

## ---------------- ##
## Cache variables. ##
## ---------------- ##

ac_cv_build=x86_64-unknown-linux-gnu
ac_cv_build_alias=x86_64-unknown-linux-gnu
ac_cv_c_compiler_gnu=yes
ac_cv_c_const=yes
ac_cv_c_inline=inline
ac_cv_env_CC_set=
ac_cv_env_CC_value=
ac_cv_env_CFLAGS_set=
ac_cv_env_CFLAGS_value=
ac_cv_env_CPPFLAGS_set=
ac_cv_env_CPPFLAGS_value=
ac_cv_env_CPP_set=
ac_cv_env_CPP_value=
ac_cv_env_LDFLAGS_set=
ac_cv_env_LDFLAGS_value=
ac_cv_env_build_alias_set=
ac_cv_env_build_alias_value=
ac_cv_env_host_alias_set=
ac_cv_env_host_alias_value=
ac_cv_env_target_alias_set=
ac_cv_env_target_alias_value=
ac_cv_exeext=
ac_cv_func__doprnt=no
ac_cv_func_alloca_works=yes
ac_cv_func_gettimeofday=yes
ac_cv_func_malloc_0_nonnull=yes
ac_cv_func_memset=yes
ac_cv_func_realloc_0_nonnull=yes
ac_cv_func_strchr=yes
ac_cv_func_strdup=yes
ac_cv_func_strpbrk=yes
ac_cv_func_vprintf=yes
ac_cv_header_dlfcn_h=yes
ac_cv_header_inttypes_h=yes
ac_cv_header_limits_h=yes
ac_cv_header_memory_h=yes
ac_cv_header_stdc=yes
ac_cv_header_stdint_h=yes
ac_cv_header_stdlib_h=yes
ac_cv_header_string_h=yes
ac_cv_header_strings_h=yes
ac_cv_header_sys_stat_h=yes
ac_cv_header_sys_time_h=yes
ac_cv_header_sys_types_h=yes
ac_cv_header_time=yes
ac_cv_header_unistd_h=yes
ac_cv_host=x86_64-unknown-linux-gnu
ac_cv_host_alias=x86_64-unknown-linux-gnu
ac_cv_objext=o
ac_cv_path_install='/usr/bin/install -c'
ac_cv_prog_AWK=gawk
ac_cv_prog_CPP='gcc -E'
ac_cv_prog_ac_ct_CC=gcc
ac_cv_prog_ac_ct_RANLIB=ranlib
ac_cv_prog_ac_ct_STRIP=strip
ac_cv_prog_cc_g=yes
ac_cv_prog_cc_stdc=
ac_cv_prog_egrep='grep -E'
ac_cv_prog_make_make_set=yes
ac_cv_struct_tm=time.h
ac_cv_target=x86_64-unknown-linux-gnu
ac_cv_target_alias=x86_64-unknown-linux-gnu
ac_cv_type_size_t=yes
ac_cv_working_alloca_h=yes
am_cv_CC_dependencies_compiler_type=gcc3
lt_cv_archive_cmds_need_lc=no
lt_cv_compiler_c_o=yes
lt_cv_compiler_o_lo=yes
lt_cv_deplibs_check_method='file_magic ELF [0-9][0-9]*-bit [LM]SB (shared object|dynamic lib )'
lt_cv_file_magic_cmd='$MAGIC_CMD'
lt_cv_file_magic_test_file='/lib/libc.so* /lib/libc-*.so'
lt_cv_global_symbol_to_c_name_address='sed -n -e '\''s/^: \([^ ]*\) $/  {\"\1\", (lt_ptr) 0},/p'\'' -e '\''s/^[BCDEGRST] \([^ ]*\) \([^ ]*\)$/  {"\2", (lt_ptr) \&\2},/p'\'''
lt_cv_global_symbol_to_cdecl='sed -n -e '\''s/^. .* \(.*\)$/extern char \1;/p'\'''
lt_cv_ld_reload_flag=-r
lt_cv_path_LD=/usr/bin/ld
lt_cv_path_MAGIC_CMD=/usr/bin/file
lt_cv_path_NM='/usr/bin/nm -B'
lt_cv_path_SED=/usr/bin/sed
lt_cv_prog_cc_can_build_shared=yes
lt_cv_prog_cc_no_builtin=
lt_cv_prog_cc_pic=' -fPIC'
lt_cv_prog_cc_pic_works=yes
lt_cv_prog_cc_shlib=
lt_cv_prog_cc_static=-static
lt_cv_prog_cc_static_works=yes
lt_cv_prog_cc_wl=-Wl,
lt_cv_prog_gnu_ld=yes
lt_cv_sys_global_symbol_pipe='sed -n -e '\''s/^.*[ 	]\([ABCDGISTW][ABCDGISTW]*\)[ 	][ 	]*\(\)\([_A-Za-z][_A-Za-z0-9]*\)$/\1 \2\3 \3/p'\'''

## ----------------- ##
## Output variables. ##
## ----------------- ##

ACLOCAL='aclocal-1.7'
ALLOCA=''
AMDEPBACKSLASH='\'
AMDEP_FALSE='#'
AMDEP_TRUE=''
AMTAR='tar'
AUTOCONF='autoconf'
AUTOHEADER='autoheader'
AUTOMAKE='automake-1.7'
AWK='gawk'
CC='gcc'
CCDEPMODE='depmode=gcc3'
CFLAGS='-g -O2'
CPP='gcc -E'
CPPFLAGS=''
CYGPATH_W='echo'
DEFS='-DHAVE_CONFIG_H'
DEPDIR='.deps'
ECHO='echo'
ECHO_C=''
ECHO_N='-n'
ECHO_T=''
EGREP='grep -E'
EXEEXT=''
INSTALL_DATA='${INSTALL} -m 644'
INSTALL_PROGRAM='${INSTALL}'
INSTALL_SCRIPT='${INSTALL}'
INSTALL_STRIP_PROGRAM='${SHELL} $(install_sh) -c -s'
LDFLAGS=''
LIBOBJS=''
LIBS=''
LIBTOOL='$(SHELL) $(top_builddir)/libtool'
LN_S='ln -s'
LTLIBOBJS=''
MAKEINFO='makeinfo'
OBJEXT='o'
PACKAGE='libtextcat'
PACKAGE_BUGREPORT=''
PACKAGE_NAME='libtextcat'
PACKAGE_STRING='libtextcat 2.2'
PACKAGE_TARNAME='libtextcat'
PACKAGE_VERSION='2.2'
PATH_SEPARATOR=':'
RANLIB='ranlib'
SET_MAKE=''
SHELL='/bin/bash'
STRIP='strip'
VERSION='2.2'
ac_ct_CC='gcc'
ac_ct_RANLIB='ranlib'
ac_ct_STRIP='strip'
am__fastdepCC_FALSE='#'
am__fastdepCC_TRUE=''
am__include='include'
am__leading_dot='.'
am__quote=''
bindir='${exec_prefix}/bin'
build='x86_64-unknown-linux-gnu'
build_alias=''
build_cpu='x86_64'
build_os='linux-gnu'
build_vendor='unknown'
datadir='${prefix}/share'
exec_prefix='${prefix}'
host='x86_64-unknown-linux-gnu'
host_alias=''
host_cpu='x86_64'
host_os='linux-gnu'
host_vendor='unknown'
includedir='${prefix}/include'
infodir='${prefix}/info'
install_sh='/home/erikt/crawler/software/libtextcat-2.2/install-sh'
libdir='${exec_prefix}/lib'
libexecdir='${exec_prefix}/libexec'
localstatedir='${prefix}/var'
mandir='${prefix}/man'
oldincludedir='/usr/include'
prefix='/usr/local'
program_transform_name='s,x,x,'
sbindir='${exec_prefix}/sbin'
sharedstatedir='${prefix}/com'
sysconfdir='${prefix}/etc'
target='x86_64-unknown-linux-gnu'
target_alias=''
target_cpu='x86_64'
target_os='linux-gnu'
target_vendor='unknown'

## ----------- ##
## confdefs.h. ##
## ----------- ##

#define HAVE_ALLOCA 1
#define HAVE_ALLOCA_H 1
#define HAVE_DLFCN_H 1
#define HAVE_GETTIMEOFDAY 1
#define HAVE_INTTYPES_H 1
#define HAVE_INTTYPES_H 1
#define HAVE_LIMITS_H 1
#define HAVE_MALLOC 1
#define HAVE_MEMORY_H 1
#define HAVE_MEMSET 1
#define HAVE_REALLOC 1
#define HAVE_STDINT_H 1
#define HAVE_STDLIB_H 1
#define HAVE_STDLIB_H 1
#define HAVE_STDLIB_H 1
#define HAVE_STDLIB_H 1
#define HAVE_STRCHR 1
#define HAVE_STRDUP 1
#define HAVE_STRINGS_H 1
#define HAVE_STRING_H 1
#define HAVE_STRING_H 1
#define HAVE_STRPBRK 1
#define HAVE_SYS_STAT_H 1
#define HAVE_SYS_TIME_H 1
#define HAVE_SYS_TYPES_H 1
#define HAVE_UNISTD_H 1
#define HAVE_VPRINTF 1
#define PACKAGE "libtextcat"
#define PACKAGE_BUGREPORT ""
#define PACKAGE_NAME "libtextcat"
#define PACKAGE_STRING "libtextcat 2.2"
#define PACKAGE_TARNAME "libtextcat"
#define PACKAGE_VERSION "2.2"
#define STDC_HEADERS 1
#define STDC_HEADERS 1
#define TIME_WITH_SYS_TIME 1
#define VERSION "2.2"

configure: exit 0
